<?xml version="1.0" encoding="UTF-8"?>
<testng-results ignored="0" total="1" passed="1" failed="0" skipped="0">
  <reporter-output>
  </reporter-output>
  <suite started-at="2023-12-07T13:17:10 IST" name="Default suite" finished-at="2023-12-07T13:17:11 IST" duration-ms="900">
    <groups>
    </groups>
    <test started-at="2023-12-07T13:17:10 IST" name="Default test" finished-at="2023-12-07T13:17:11 IST" duration-ms="900">
      <class name="ReadExcel.TestClass">
        <test-method signature="data()[pri:0, instance:ReadExcel.TestClass@2e005c4b]" started-at="2023-12-07T13:17:10 IST" name="data" finished-at="2023-12-07T13:17:11 IST" duration-ms="841" status="PASS">
          <reporter-output>
          </reporter-output>
        </test-method> <!-- data -->
      </class> <!-- ReadExcel.TestClass -->
    </test> <!-- Default test -->
  </suite> <!-- Default suite -->
</testng-results>
